mode: set
github.com/Ryanbar20/OpenINTEL_DNS_NAME_SERVER/cache.go:17.40,19.2 1 1
github.com/Ryanbar20/OpenINTEL_DNS_NAME_SERVER/cache.go:22.47,25.36 3 1
github.com/Ryanbar20/OpenINTEL_DNS_NAME_SERVER/cache.go:25.36,28.3 2 1
github.com/Ryanbar20/OpenINTEL_DNS_NAME_SERVER/cache.go:29.2,31.33 3 1
github.com/Ryanbar20/OpenINTEL_DNS_NAME_SERVER/cache.go:35.50,41.2 4 1
github.com/Ryanbar20/OpenINTEL_DNS_NAME_SERVER/name_parser.go:17.53,19.24 2 1
github.com/Ryanbar20/OpenINTEL_DNS_NAME_SERVER/name_parser.go:19.24,21.3 1 1
github.com/Ryanbar20/OpenINTEL_DNS_NAME_SERVER/name_parser.go:22.2,23.23 2 1
github.com/Ryanbar20/OpenINTEL_DNS_NAME_SERVER/name_parser.go:23.23,26.3 2 1
github.com/Ryanbar20/OpenINTEL_DNS_NAME_SERVER/name_parser.go:29.2,32.23 1 1
github.com/Ryanbar20/OpenINTEL_DNS_NAME_SERVER/name_parser.go:32.23,34.3 1 1
github.com/Ryanbar20/OpenINTEL_DNS_NAME_SERVER/name_parser.go:36.2,37.16 2 1
github.com/Ryanbar20/OpenINTEL_DNS_NAME_SERVER/name_parser.go:37.16,39.3 1 1
github.com/Ryanbar20/OpenINTEL_DNS_NAME_SERVER/name_parser.go:41.2,48.76 4 1
github.com/Ryanbar20/OpenINTEL_DNS_NAME_SERVER/name_server.go:24.36,25.26 1 1
github.com/Ryanbar20/OpenINTEL_DNS_NAME_SERVER/name_server.go:25.26,27.3 1 1
github.com/Ryanbar20/OpenINTEL_DNS_NAME_SERVER/name_server.go:28.2,29.8 2 1
github.com/Ryanbar20/OpenINTEL_DNS_NAME_SERVER/name_server.go:29.8,31.3 1 1
github.com/Ryanbar20/OpenINTEL_DNS_NAME_SERVER/name_server.go:32.2,32.30 1 1
github.com/Ryanbar20/OpenINTEL_DNS_NAME_SERVER/name_server.go:33.53,34.15 1 1
github.com/Ryanbar20/OpenINTEL_DNS_NAME_SERVER/name_server.go:35.10,36.14 1 1
github.com/Ryanbar20/OpenINTEL_DNS_NAME_SERVER/name_server.go:40.83,41.35 1 1
github.com/Ryanbar20/OpenINTEL_DNS_NAME_SERVER/name_server.go:41.35,43.3 1 0
github.com/Ryanbar20/OpenINTEL_DNS_NAME_SERVER/name_server.go:45.2,48.21 3 1
github.com/Ryanbar20/OpenINTEL_DNS_NAME_SERVER/name_server.go:48.21,53.3 4 1
github.com/Ryanbar20/OpenINTEL_DNS_NAME_SERVER/name_server.go:55.2,57.52 2 1
github.com/Ryanbar20/OpenINTEL_DNS_NAME_SERVER/name_server.go:57.52,62.3 4 1
github.com/Ryanbar20/OpenINTEL_DNS_NAME_SERVER/name_server.go:64.2,65.36 2 1
github.com/Ryanbar20/OpenINTEL_DNS_NAME_SERVER/name_server.go:66.20,67.36 1 1
github.com/Ryanbar20/OpenINTEL_DNS_NAME_SERVER/name_server.go:68.20,69.36 1 1
github.com/Ryanbar20/OpenINTEL_DNS_NAME_SERVER/name_server.go:71.2,71.17 1 1
github.com/Ryanbar20/OpenINTEL_DNS_NAME_SERVER/name_server.go:71.17,73.3 1 0
github.com/Ryanbar20/OpenINTEL_DNS_NAME_SERVER/name_server.go:75.2,76.56 2 1
github.com/Ryanbar20/OpenINTEL_DNS_NAME_SERVER/name_server.go:76.56,78.3 1 1
github.com/Ryanbar20/OpenINTEL_DNS_NAME_SERVER/name_server.go:78.8,78.52 1 1
github.com/Ryanbar20/OpenINTEL_DNS_NAME_SERVER/name_server.go:78.52,80.3 1 1
github.com/Ryanbar20/OpenINTEL_DNS_NAME_SERVER/name_server.go:80.8,82.24 2 1
github.com/Ryanbar20/OpenINTEL_DNS_NAME_SERVER/name_server.go:82.24,84.4 1 1
github.com/Ryanbar20/OpenINTEL_DNS_NAME_SERVER/name_server.go:84.9,89.4 1 1
github.com/Ryanbar20/OpenINTEL_DNS_NAME_SERVER/name_server.go:92.2,93.15 2 1
github.com/Ryanbar20/OpenINTEL_DNS_NAME_SERVER/name_server.go:96.24,99.48 3 0
github.com/Ryanbar20/OpenINTEL_DNS_NAME_SERVER/name_server.go:99.48,101.3 1 0
github.com/Ryanbar20/OpenINTEL_DNS_NAME_SERVER/name_server.go:104.66,106.2 1 1
github.com/Ryanbar20/OpenINTEL_DNS_NAME_SERVER/name_server.go:108.31,119.2 7 0
github.com/Ryanbar20/OpenINTEL_DNS_NAME_SERVER/query_thread.go:16.73,23.2 2 1
github.com/Ryanbar20/OpenINTEL_DNS_NAME_SERVER/query_thread.go:25.97,30.16 3 0
github.com/Ryanbar20/OpenINTEL_DNS_NAME_SERVER/query_thread.go:30.16,32.3 1 0
github.com/Ryanbar20/OpenINTEL_DNS_NAME_SERVER/query_thread.go:33.2,35.18 2 0
github.com/Ryanbar20/OpenINTEL_DNS_NAME_SERVER/query_thread.go:35.18,37.17 2 0
github.com/Ryanbar20/OpenINTEL_DNS_NAME_SERVER/query_thread.go:37.17,39.4 1 0
github.com/Ryanbar20/OpenINTEL_DNS_NAME_SERVER/query_thread.go:40.3,40.30 1 0
github.com/Ryanbar20/OpenINTEL_DNS_NAME_SERVER/query_thread.go:42.2,42.21 1 0
github.com/Ryanbar20/OpenINTEL_DNS_NAME_SERVER/query_thread.go:45.57,47.65 2 0
github.com/Ryanbar20/OpenINTEL_DNS_NAME_SERVER/query_thread.go:47.65,52.17 3 0
github.com/Ryanbar20/OpenINTEL_DNS_NAME_SERVER/query_thread.go:52.17,55.4 1 0
github.com/Ryanbar20/OpenINTEL_DNS_NAME_SERVER/query_thread.go:57.3,59.17 2 0
github.com/Ryanbar20/OpenINTEL_DNS_NAME_SERVER/query_thread.go:59.17,62.4 1 0
github.com/Ryanbar20/OpenINTEL_DNS_NAME_SERVER/query_thread.go:63.3,63.107 1 0
github.com/Ryanbar20/OpenINTEL_DNS_NAME_SERVER/query_thread.go:67.60,69.65 2 0
github.com/Ryanbar20/OpenINTEL_DNS_NAME_SERVER/query_thread.go:69.65,74.17 3 0
github.com/Ryanbar20/OpenINTEL_DNS_NAME_SERVER/query_thread.go:74.17,77.4 1 0
github.com/Ryanbar20/OpenINTEL_DNS_NAME_SERVER/query_thread.go:79.3,81.17 2 0
github.com/Ryanbar20/OpenINTEL_DNS_NAME_SERVER/query_thread.go:81.17,84.4 1 0
github.com/Ryanbar20/OpenINTEL_DNS_NAME_SERVER/query_thread.go:85.3,85.116 1 0
github.com/Ryanbar20/OpenINTEL_DNS_NAME_SERVER/query_thread.go:89.59,92.65 2 0
github.com/Ryanbar20/OpenINTEL_DNS_NAME_SERVER/query_thread.go:92.65,97.17 3 0
github.com/Ryanbar20/OpenINTEL_DNS_NAME_SERVER/query_thread.go:97.17,100.4 1 0
github.com/Ryanbar20/OpenINTEL_DNS_NAME_SERVER/query_thread.go:101.3,101.121 1 0
github.com/Ryanbar20/OpenINTEL_DNS_NAME_SERVER/query_thread.go:105.58,108.65 2 0
github.com/Ryanbar20/OpenINTEL_DNS_NAME_SERVER/query_thread.go:108.65,113.17 4 0
github.com/Ryanbar20/OpenINTEL_DNS_NAME_SERVER/query_thread.go:113.17,116.4 1 0
github.com/Ryanbar20/OpenINTEL_DNS_NAME_SERVER/query_thread.go:117.3,118.56 1 0
github.com/Ryanbar20/OpenINTEL_DNS_NAME_SERVER/query_thread.go:123.58,126.65 2 0
github.com/Ryanbar20/OpenINTEL_DNS_NAME_SERVER/query_thread.go:126.65,130.17 3 0
github.com/Ryanbar20/OpenINTEL_DNS_NAME_SERVER/query_thread.go:130.17,133.4 1 0
github.com/Ryanbar20/OpenINTEL_DNS_NAME_SERVER/query_thread.go:134.3,134.111 1 0
github.com/Ryanbar20/OpenINTEL_DNS_NAME_SERVER/query_thread.go:138.53,141.16 2 0
github.com/Ryanbar20/OpenINTEL_DNS_NAME_SERVER/query_thread.go:141.16,143.3 1 0
github.com/Ryanbar20/OpenINTEL_DNS_NAME_SERVER/query_thread.go:144.2,156.26 3 0
github.com/Ryanbar20/OpenINTEL_DNS_NAME_SERVER/query_thread.go:156.26,157.39 1 0
github.com/Ryanbar20/OpenINTEL_DNS_NAME_SERVER/query_thread.go:157.39,159.4 1 0
github.com/Ryanbar20/OpenINTEL_DNS_NAME_SERVER/query_thread.go:164.2,164.6 1 0
github.com/Ryanbar20/OpenINTEL_DNS_NAME_SERVER/query_thread.go:164.6,167.17 3 0
github.com/Ryanbar20/OpenINTEL_DNS_NAME_SERVER/query_thread.go:167.17,169.4 1 0
github.com/Ryanbar20/OpenINTEL_DNS_NAME_SERVER/query_thread.go:170.3,170.28 1 0
github.com/Ryanbar20/OpenINTEL_DNS_NAME_SERVER/query_thread.go:174.83,177.14 3 0
github.com/Ryanbar20/OpenINTEL_DNS_NAME_SERVER/query_thread.go:177.14,179.3 1 0
github.com/Ryanbar20/OpenINTEL_DNS_NAME_SERVER/query_thread.go:180.2,182.25 3 0
github.com/Ryanbar20/OpenINTEL_DNS_NAME_SERVER/query_thread.go:183.14,184.30 1 0
github.com/Ryanbar20/OpenINTEL_DNS_NAME_SERVER/query_thread.go:185.17,186.33 1 0
github.com/Ryanbar20/OpenINTEL_DNS_NAME_SERVER/query_thread.go:187.16,188.32 1 0
github.com/Ryanbar20/OpenINTEL_DNS_NAME_SERVER/query_thread.go:189.15,190.31 1 0
github.com/Ryanbar20/OpenINTEL_DNS_NAME_SERVER/query_thread.go:191.15,192.31 1 0
github.com/Ryanbar20/OpenINTEL_DNS_NAME_SERVER/query_thread.go:193.10,194.39 1 0
github.com/Ryanbar20/OpenINTEL_DNS_NAME_SERVER/query_thread.go:196.2,196.17 1 0
github.com/Ryanbar20/OpenINTEL_DNS_NAME_SERVER/queue.go:22.40,25.2 1 1
github.com/Ryanbar20/OpenINTEL_DNS_NAME_SERVER/queue.go:28.52,33.40 5 1
github.com/Ryanbar20/OpenINTEL_DNS_NAME_SERVER/queue.go:33.40,35.3 1 1
github.com/Ryanbar20/OpenINTEL_DNS_NAME_SERVER/queue.go:36.2,37.29 2 1
github.com/Ryanbar20/OpenINTEL_DNS_NAME_SERVER/queue.go:41.39,44.39 3 1
github.com/Ryanbar20/OpenINTEL_DNS_NAME_SERVER/queue.go:44.39,45.42 1 1
github.com/Ryanbar20/OpenINTEL_DNS_NAME_SERVER/queue.go:45.42,47.4 1 1
github.com/Ryanbar20/OpenINTEL_DNS_NAME_SERVER/queue.go:49.2,49.11 1 1
github.com/Ryanbar20/OpenINTEL_DNS_NAME_SERVER/queue.go:53.43,56.39 3 1
github.com/Ryanbar20/OpenINTEL_DNS_NAME_SERVER/queue.go:56.39,57.35 1 1
github.com/Ryanbar20/OpenINTEL_DNS_NAME_SERVER/queue.go:57.35,59.4 1 1
github.com/Ryanbar20/OpenINTEL_DNS_NAME_SERVER/queue.go:61.2,61.11 1 1
github.com/Ryanbar20/OpenINTEL_DNS_NAME_SERVER/queue.go:65.39,68.28 3 1
github.com/Ryanbar20/OpenINTEL_DNS_NAME_SERVER/queue.go:68.28,70.3 1 1
github.com/Ryanbar20/OpenINTEL_DNS_NAME_SERVER/queue.go:71.2,72.14 2 1
github.com/Ryanbar20/OpenINTEL_DNS_NAME_SERVER/queue.go:76.38,79.28 3 1
github.com/Ryanbar20/OpenINTEL_DNS_NAME_SERVER/queue.go:79.28,81.3 1 1
github.com/Ryanbar20/OpenINTEL_DNS_NAME_SERVER/queue.go:82.2,84.14 3 1
